# JRE version: OpenJDK Runtime Environment (17.0.11) (build 17.0.11+0--11852314)
# Java VM: OpenJDK 64-Bit Server VM (17.0.11+0--11852314, mixed mode, tiered, compressed oops, compressed class ptrs, g1 gc, windows-amd64)
GC Precious Log:
 CPUs: 8 total, 8 available
 Memory: 12169M
 Large Page Support: Disabled
 NUMA Support: Disabled
 Compressed Oops: Enabled (32-bit)
 Heap Region Size: 1M
 Heap Min Capacity: 8M
 Heap Initial Capacity: 192M
 Heap Max Capacity: 2G
 Pre-touch: Disabled
 Parallel Workers: 8
 Concurrent Workers: 2
 Concurrent Refinement Workers: 8
 Periodic GC: Disabled
Heap:
 garbage-first heap   total 261120K, used 170416K [0x0000000080000000, 0x0000000100000000)
  region size 1024K, 22 young (22528K), 2 survivors (2048K)
 Metaspace       used 126727K, committed 127808K, reserved 1179648K
  class space    used 17564K, committed 18048K, reserved 1048576K
GC Heap History (20 events):
Event: 37.943 GC heap before
{Heap before GC invocations=41 (full 0):
 garbage-first heap   total 217088K, used 178998K [0x0000000080000000, 0x0000000100000000)
  region size 1024K, 71 young (72704K), 7 survivors (7168K)
 Metaspace       used 118282K, committed 119168K, reserved 1179648K
  class space    used 16656K, committed 17088K, reserved 1048576K
}
Event: 37.954 GC heap after
{Heap after GC invocations=42 (full 0):
 garbage-first heap   total 217088K, used 120599K [0x0000000080000000, 0x0000000100000000)
  region size 1024K, 9 young (9216K), 9 survivors (9216K)
 Metaspace       used 118282K, committed 119168K, reserved 1179648K
  class space    used 16656K, committed 17088K, reserved 1048576K
}
Event: 43.026 GC heap before
{Heap before GC invocations=42 (full 0):
 garbage-first heap   total 217088K, used 178967K [0x0000000080000000, 0x0000000100000000)
  region size 1024K, 66 young (67584K), 9 survivors (9216K)
 Metaspace       used 118823K, committed 119808K, reserved 1179648K
  class space    used 16690K, committed 17152K, reserved 1048576K
}
Event: 43.036 GC heap after
{Heap after GC invocations=43 (full 0):
 garbage-first heap   total 217088K, used 125363K [0x0000000080000000, 0x0000000100000000)
  region size 1024K, 5 young (5120K), 5 survivors (5120K)
 Metaspace       used 118823K, committed 119808K, reserved 1179648K
  class space    used 16690K, committed 17152K, reserved 1048576K
}
Event: 43.583 GC heap before
{Heap before GC invocations=43 (full 0):
 garbage-first heap   total 217088K, used 180659K [0x0000000080000000, 0x0000000100000000)
  region size 1024K, 59 young (60416K), 5 survivors (5120K)
 Metaspace       used 119148K, committed 120064K, reserved 1179648K
  class space    used 16694K, committed 17152K, reserved 1048576K
}
Event: 43.594 GC heap after
{Heap after GC invocations=44 (full 0):
 garbage-first heap   total 217088K, used 132753K [0x0000000080000000, 0x0000000100000000)
  region size 1024K, 8 young (8192K), 8 survivors (8192K)
 Metaspace       used 119148K, committed 120064K, reserved 1179648K
  class space    used 16694K, committed 17152K, reserved 1048576K
}
Event: 179.745 GC heap before
{Heap before GC invocations=44 (full 0):
 garbage-first heap   total 217088K, used 179857K [0x0000000080000000, 0x0000000100000000)
  region size 1024K, 54 young (55296K), 8 survivors (8192K)
 Metaspace       used 119418K, committed 120384K, reserved 1179648K
  class space    used 16711K, committed 17152K, reserved 1048576K
}
Event: 179.754 GC heap after
{Heap after GC invocations=45 (full 0):
 garbage-first heap   total 217088K, used 136695K [0x0000000080000000, 0x0000000100000000)
  region size 1024K, 4 young (4096K), 4 survivors (4096K)
 Metaspace       used 119418K, committed 120384K, reserved 1179648K
  class space    used 16711K, committed 17152K, reserved 1048576K
}
Event: 180.131 GC heap before
{Heap before GC invocations=45 (full 0):
 garbage-first heap   total 217088K, used 180727K [0x0000000080000000, 0x0000000100000000)
  region size 1024K, 48 young (49152K), 4 survivors (4096K)
 Metaspace       used 119674K, committed 120704K, reserved 1179648K
  class space    used 16722K, committed 17216K, reserved 1048576K
}
Event: 180.138 GC heap after
{Heap after GC invocations=46 (full 0):
 garbage-first heap   total 217088K, used 142651K [0x0000000080000000, 0x0000000100000000)
  region size 1024K, 6 young (6144K), 6 survivors (6144K)
 Metaspace       used 119674K, committed 120704K, reserved 1179648K
  class space    used 16722K, committed 17216K, reserved 1048576K
}
Event: 180.568 GC heap before
{Heap before GC invocations=46 (full 0):
 garbage-first heap   total 217088K, used 179515K [0x0000000080000000, 0x0000000100000000)
  region size 1024K, 43 young (44032K), 6 survivors (6144K)
 Metaspace       used 121750K, committed 122752K, reserved 1179648K
  class space    used 16962K, committed 17472K, reserved 1048576K
}
Event: 180.575 GC heap after
{Heap after GC invocations=47 (full 0):
 garbage-first heap   total 217088K, used 145706K [0x0000000080000000, 0x0000000100000000)
  region size 1024K, 3 young (3072K), 3 survivors (3072K)
 Metaspace       used 121750K, committed 122752K, reserved 1179648K
  class space    used 16962K, committed 17472K, reserved 1048576K
}
Event: 182.278 GC heap before
{Heap before GC invocations=47 (full 0):
 garbage-first heap   total 217088K, used 180522K [0x0000000080000000, 0x0000000100000000)
  region size 1024K, 38 young (38912K), 3 survivors (3072K)
 Metaspace       used 122948K, committed 123968K, reserved 1179648K
  class space    used 17113K, committed 17600K, reserved 1048576K
}
Event: 182.286 GC heap after
{Heap after GC invocations=48 (full 0):
 garbage-first heap   total 217088K, used 150882K [0x0000000080000000, 0x0000000100000000)
  region size 1024K, 5 young (5120K), 5 survivors (5120K)
 Metaspace       used 122948K, committed 123968K, reserved 1179648K
  class space    used 17113K, committed 17600K, reserved 1048576K
}
Event: 182.526 GC heap before
{Heap before GC invocations=48 (full 0):
 garbage-first heap   total 217088K, used 181602K [0x0000000080000000, 0x0000000100000000)
  region size 1024K, 36 young (36864K), 5 survivors (5120K)
 Metaspace       used 123965K, committed 124992K, reserved 1179648K
  class space    used 17222K, committed 17728K, reserved 1048576K
}
Event: 182.533 GC heap after
{Heap after GC invocations=49 (full 0):
 garbage-first heap   total 217088K, used 151517K [0x0000000080000000, 0x0000000100000000)
  region size 1024K, 2 young (2048K), 2 survivors (2048K)
 Metaspace       used 123965K, committed 124992K, reserved 1179648K
  class space    used 17222K, committed 17728K, reserved 1048576K
}
Event: 182.603 GC heap before
{Heap before GC invocations=49 (full 0):
 garbage-first heap   total 217088K, used 182237K [0x0000000080000000, 0x0000000100000000)
  region size 1024K, 33 young (33792K), 2 survivors (2048K)
 Metaspace       used 124071K, committed 125056K, reserved 1179648K
  class space    used 17223K, committed 17728K, reserved 1048576K
}
Event: 182.606 GC heap after
{Heap after GC invocations=50 (full 0):
 garbage-first heap   total 217088K, used 152271K [0x0000000080000000, 0x0000000100000000)
  region size 1024K, 2 young (2048K), 2 survivors (2048K)
 Metaspace       used 124071K, committed 125056K, reserved 1179648K
  class space    used 17223K, committed 17728K, reserved 1048576K
}
Event: 182.877 GC heap before
{Heap before GC invocations=50 (full 0):
 garbage-first heap   total 217088K, used 185039K [0x0000000080000000, 0x0000000100000000)
  region size 1024K, 34 young (34816K), 2 survivors (2048K)
 Metaspace       used 125232K, committed 126208K, reserved 1179648K
  class space    used 17384K, committed 17856K, reserved 1048576K
}
Event: 182.880 GC heap after
{Heap after GC invocations=51 (full 0):
 garbage-first heap   total 261120K, used 151984K [0x0000000080000000, 0x0000000100000000)
  region size 1024K, 2 young (2048K), 2 survivors (2048K)
 Metaspace       used 125232K, committed 126208K, reserved 1179648K
  class space    used 17384K, committed 17856K, reserved 1048576K
}

