# JRE version: OpenJDK Runtime Environment (17.0.11) (build 17.0.11+0--11852314)
# Java VM: OpenJDK 64-Bit Server VM (17.0.11+0--11852314, mixed mode, tiered, compressed oops, compressed class ptrs, g1 gc, windows-amd64)
GC Precious Log:
 CPUs: 8 total, 8 available
 Memory: 12169M
 Large Page Support: Disabled
 NUMA Support: Disabled
 Compressed Oops: Enabled (32-bit)
 Heap Region Size: 1M
 Heap Min Capacity: 8M
 Heap Initial Capacity: 192M
 Heap Max Capacity: 2G
 Pre-touch: Disabled
 Parallel Workers: 8
 Concurrent Workers: 2
 Concurrent Refinement Workers: 8
 Periodic GC: Disabled
Heap:
 garbage-first heap   total 254976K, used 173186K [0x0000000080000000, 0x0000000100000000)
  region size 1024K, 54 young (55296K), 11 survivors (11264K)
 Metaspace       used 120300K, committed 121216K, reserved 1179648K
  class space    used 16380K, committed 16832K, reserved 1048576K
GC Heap History (20 events):
Event: 12.378 GC heap before
{Heap before GC invocations=34 (full 0):
 garbage-first heap   total 249856K, used 194812K [0x0000000080000000, 0x0000000100000000)
  region size 1024K, 117 young (119808K), 13 survivors (13312K)
 Metaspace       used 93524K, committed 94208K, reserved 1179648K
  class space    used 13008K, committed 13312K, reserved 1048576K
}
Event: 12.392 GC heap after
{Heap after GC invocations=35 (full 0):
 garbage-first heap   total 249856K, used 93458K [0x0000000080000000, 0x0000000100000000)
  region size 1024K, 12 young (12288K), 12 survivors (12288K)
 Metaspace       used 93524K, committed 94208K, reserved 1179648K
  class space    used 13008K, committed 13312K, reserved 1048576K
}
Event: 13.430 GC heap before
{Heap before GC invocations=35 (full 0):
 garbage-first heap   total 249856K, used 199954K [0x0000000080000000, 0x0000000100000000)
  region size 1024K, 116 young (118784K), 12 survivors (12288K)
 Metaspace       used 100850K, committed 101568K, reserved 1179648K
  class space    used 14087K, committed 14400K, reserved 1048576K
}
Event: 13.443 GC heap after
{Heap after GC invocations=36 (full 0):
 garbage-first heap   total 249856K, used 100912K [0x0000000080000000, 0x0000000100000000)
  region size 1024K, 15 young (15360K), 15 survivors (15360K)
 Metaspace       used 100850K, committed 101568K, reserved 1179648K
  class space    used 14087K, committed 14400K, reserved 1048576K
}
Event: 14.596 GC heap before
{Heap before GC invocations=36 (full 0):
 garbage-first heap   total 249856K, used 206384K [0x0000000080000000, 0x0000000100000000)
  region size 1024K, 112 young (114688K), 15 survivors (15360K)
 Metaspace       used 105161K, committed 105984K, reserved 1179648K
  class space    used 14546K, committed 14912K, reserved 1048576K
}
Event: 14.617 GC heap after
{Heap after GC invocations=37 (full 0):
 garbage-first heap   total 249856K, used 118630K [0x0000000080000000, 0x0000000100000000)
  region size 1024K, 14 young (14336K), 14 survivors (14336K)
 Metaspace       used 105161K, committed 105984K, reserved 1179648K
  class space    used 14546K, committed 14912K, reserved 1048576K
}
Event: 15.552 GC heap before
{Heap before GC invocations=37 (full 0):
 garbage-first heap   total 249856K, used 207718K [0x0000000080000000, 0x0000000100000000)
  region size 1024K, 85 young (87040K), 14 survivors (14336K)
 Metaspace       used 110234K, committed 111040K, reserved 1179648K
  class space    used 15110K, committed 15488K, reserved 1048576K
}
Event: 15.563 GC heap after
{Heap after GC invocations=38 (full 0):
 garbage-first heap   total 249856K, used 124620K [0x0000000080000000, 0x0000000100000000)
  region size 1024K, 8 young (8192K), 8 survivors (8192K)
 Metaspace       used 110234K, committed 111040K, reserved 1179648K
  class space    used 15110K, committed 15488K, reserved 1048576K
}
Event: 16.187 GC heap before
{Heap before GC invocations=38 (full 0):
 garbage-first heap   total 249856K, used 193228K [0x0000000080000000, 0x0000000100000000)
  region size 1024K, 76 young (77824K), 8 survivors (8192K)
 Metaspace       used 110648K, committed 111424K, reserved 1179648K
  class space    used 15150K, committed 15552K, reserved 1048576K
}
Event: 16.197 GC heap after
{Heap after GC invocations=39 (full 0):
 garbage-first heap   total 249856K, used 128716K [0x0000000080000000, 0x0000000100000000)
  region size 1024K, 7 young (7168K), 7 survivors (7168K)
 Metaspace       used 110648K, committed 111424K, reserved 1179648K
  class space    used 15150K, committed 15552K, reserved 1048576K
}
Event: 16.962 GC heap before
{Heap before GC invocations=39 (full 0):
 garbage-first heap   total 249856K, used 195276K [0x0000000080000000, 0x0000000100000000)
  region size 1024K, 73 young (74752K), 7 survivors (7168K)
 Metaspace       used 112516K, committed 113344K, reserved 1179648K
  class space    used 15375K, committed 15808K, reserved 1048576K
}
Event: 16.970 GC heap after
{Heap after GC invocations=40 (full 0):
 garbage-first heap   total 249856K, used 133411K [0x0000000080000000, 0x0000000100000000)
  region size 1024K, 8 young (8192K), 8 survivors (8192K)
 Metaspace       used 112516K, committed 113344K, reserved 1179648K
  class space    used 15375K, committed 15808K, reserved 1048576K
}
Event: 17.043 GC heap before
{Heap before GC invocations=40 (full 0):
 garbage-first heap   total 249856K, used 159011K [0x0000000080000000, 0x0000000100000000)
  region size 1024K, 15 young (15360K), 8 survivors (8192K)
 Metaspace       used 113149K, committed 113984K, reserved 1179648K
  class space    used 15464K, committed 15872K, reserved 1048576K
}
Event: 17.049 GC heap after
{Heap after GC invocations=41 (full 0):
 garbage-first heap   total 249856K, used 154825K [0x0000000080000000, 0x0000000100000000)
  region size 1024K, 2 young (2048K), 2 survivors (2048K)
 Metaspace       used 113149K, committed 113984K, reserved 1179648K
  class space    used 15464K, committed 15872K, reserved 1048576K
}
Event: 259.912 GC heap before
{Heap before GC invocations=42 (full 0):
 garbage-first heap   total 254976K, used 209097K [0x0000000080000000, 0x0000000100000000)
  region size 1024K, 51 young (52224K), 2 survivors (2048K)
 Metaspace       used 114643K, committed 115456K, reserved 1179648K
  class space    used 15681K, committed 16064K, reserved 1048576K
}
Event: 259.918 GC heap after
{Heap after GC invocations=43 (full 0):
 garbage-first heap   total 254976K, used 131318K [0x0000000080000000, 0x0000000100000000)
  region size 1024K, 4 young (4096K), 4 survivors (4096K)
 Metaspace       used 114643K, committed 115456K, reserved 1179648K
  class space    used 15681K, committed 16064K, reserved 1048576K
}
Event: 260.046 GC heap before
{Heap before GC invocations=43 (full 0):
 garbage-first heap   total 254976K, used 139510K [0x0000000080000000, 0x0000000100000000)
  region size 1024K, 12 young (12288K), 4 survivors (4096K)
 Metaspace       used 114729K, committed 115520K, reserved 1179648K
  class space    used 15681K, committed 16064K, reserved 1048576K
}
Event: 260.052 GC heap after
{Heap after GC invocations=44 (full 0):
 garbage-first heap   total 254976K, used 121874K [0x0000000080000000, 0x0000000100000000)
  region size 1024K, 2 young (2048K), 2 survivors (2048K)
 Metaspace       used 114729K, committed 115520K, reserved 1179648K
  class space    used 15681K, committed 16064K, reserved 1048576K
}
Event: 261.275 GC heap before
{Heap before GC invocations=44 (full 0):
 garbage-first heap   total 254976K, used 203794K [0x0000000080000000, 0x0000000100000000)
  region size 1024K, 83 young (84992K), 2 survivors (2048K)
 Metaspace       used 117745K, committed 118656K, reserved 1179648K
  class space    used 16010K, committed 16448K, reserved 1048576K
}
Event: 261.287 GC heap after
{Heap after GC invocations=45 (full 0):
 garbage-first heap   total 254976K, used 131202K [0x0000000080000000, 0x0000000100000000)
  region size 1024K, 11 young (11264K), 11 survivors (11264K)
 Metaspace       used 117745K, committed 118656K, reserved 1179648K
  class space    used 16010K, committed 16448K, reserved 1048576K
}

