# JRE version: OpenJDK Runtime Environment (17.0.11) (build 17.0.11+0--11852314)
# Java VM: OpenJDK 64-Bit Server VM (17.0.11+0--11852314, mixed mode, tiered, compressed oops, compressed class ptrs, g1 gc, windows-amd64)
GC Precious Log:
 CPUs: 8 total, 8 available
 Memory: 12169M
 Large Page Support: Disabled
 NUMA Support: Disabled
 Compressed Oops: Enabled (32-bit)
 Heap Region Size: 1M
 Heap Min Capacity: 8M
 Heap Initial Capacity: 192M
 Heap Max Capacity: 2G
 Pre-touch: Disabled
 Parallel Workers: 8
 Concurrent Workers: 2
 Concurrent Refinement Workers: 8
 Periodic GC: Disabled
Heap:
 garbage-first heap   total 247808K, used 113959K [0x0000000080000000, 0x0000000100000000)
  region size 1024K, 3 young (3072K), 3 survivors (3072K)
 Metaspace       used 118156K, committed 118976K, reserved 1179648K
  class space    used 16625K, committed 17024K, reserved 1048576K
GC Heap History (20 events):
Event: 7.251 GC heap after
{Heap after GC invocations=23 (full 0):
 garbage-first heap   total 247808K, used 71318K [0x0000000080000000, 0x0000000100000000)
  region size 1024K, 8 young (8192K), 8 survivors (8192K)
 Metaspace       used 68241K, committed 68864K, reserved 1114112K
  class space    used 9272K, committed 9536K, reserved 1048576K
}
Event: 8.397 GC heap before
{Heap before GC invocations=23 (full 0):
 garbage-first heap   total 247808K, used 191126K [0x0000000080000000, 0x0000000100000000)
  region size 1024K, 121 young (123904K), 8 survivors (8192K)
 Metaspace       used 78677K, committed 79296K, reserved 1179648K
  class space    used 10697K, committed 11008K, reserved 1048576K
}
Event: 8.405 GC heap after
{Heap after GC invocations=24 (full 0):
 garbage-first heap   total 247808K, used 82008K [0x0000000080000000, 0x0000000100000000)
  region size 1024K, 14 young (14336K), 14 survivors (14336K)
 Metaspace       used 78677K, committed 79296K, reserved 1179648K
  class space    used 10697K, committed 11008K, reserved 1048576K
}
Event: 9.561 GC heap before
{Heap before GC invocations=24 (full 0):
 garbage-first heap   total 247808K, used 192600K [0x0000000080000000, 0x0000000100000000)
  region size 1024K, 122 young (124928K), 14 survivors (14336K)
 Metaspace       used 85020K, committed 85632K, reserved 1179648K
  class space    used 11670K, committed 11968K, reserved 1048576K
}
Event: 9.571 GC heap after
{Heap after GC invocations=25 (full 0):
 garbage-first heap   total 247808K, used 88746K [0x0000000080000000, 0x0000000100000000)
  region size 1024K, 14 young (14336K), 14 survivors (14336K)
 Metaspace       used 85020K, committed 85632K, reserved 1179648K
  class space    used 11670K, committed 11968K, reserved 1048576K
}
Event: 10.637 GC heap before
{Heap before GC invocations=25 (full 0):
 garbage-first heap   total 247808K, used 195242K [0x0000000080000000, 0x0000000100000000)
  region size 1024K, 118 young (120832K), 14 survivors (14336K)
 Metaspace       used 92452K, committed 93120K, reserved 1179648K
  class space    used 12838K, committed 13184K, reserved 1048576K
}
Event: 10.649 GC heap after
{Heap after GC invocations=26 (full 0):
 garbage-first heap   total 247808K, used 93923K [0x0000000080000000, 0x0000000100000000)
  region size 1024K, 13 young (13312K), 13 survivors (13312K)
 Metaspace       used 92452K, committed 93120K, reserved 1179648K
  class space    used 12838K, committed 13184K, reserved 1048576K
}
Event: 11.007 GC heap before
{Heap before GC invocations=26 (full 0):
 garbage-first heap   total 247808K, used 131811K [0x0000000080000000, 0x0000000100000000)
  region size 1024K, 51 young (52224K), 13 survivors (13312K)
 Metaspace       used 95634K, committed 96320K, reserved 1179648K
  class space    used 13344K, committed 13696K, reserved 1048576K
}
Event: 11.015 GC heap after
{Heap after GC invocations=27 (full 0):
 garbage-first heap   total 247808K, used 95865K [0x0000000080000000, 0x0000000100000000)
  region size 1024K, 8 young (8192K), 8 survivors (8192K)
 Metaspace       used 95634K, committed 96320K, reserved 1179648K
  class space    used 13344K, committed 13696K, reserved 1048576K
}
Event: 11.924 GC heap before
{Heap before GC invocations=28 (full 0):
 garbage-first heap   total 247808K, used 198265K [0x0000000080000000, 0x0000000100000000)
  region size 1024K, 109 young (111616K), 8 survivors (8192K)
 Metaspace       used 100724K, committed 101504K, reserved 1179648K
  class space    used 14078K, committed 14464K, reserved 1048576K
}
Event: 11.937 GC heap after
{Heap after GC invocations=29 (full 0):
 garbage-first heap   total 247808K, used 104306K [0x0000000080000000, 0x0000000100000000)
  region size 1024K, 14 young (14336K), 14 survivors (14336K)
 Metaspace       used 100724K, committed 101504K, reserved 1179648K
  class space    used 14078K, committed 14464K, reserved 1048576K
}
Event: 11.943 GC heap before
{Heap before GC invocations=29 (full 0):
 garbage-first heap   total 247808K, used 105330K [0x0000000080000000, 0x0000000100000000)
  region size 1024K, 15 young (15360K), 14 survivors (14336K)
 Metaspace       used 100732K, committed 101504K, reserved 1179648K
  class space    used 14078K, committed 14464K, reserved 1048576K
}
Event: 11.952 GC heap after
{Heap after GC invocations=30 (full 0):
 garbage-first heap   total 247808K, used 105420K [0x0000000080000000, 0x0000000100000000)
  region size 1024K, 2 young (2048K), 2 survivors (2048K)
 Metaspace       used 100732K, committed 101504K, reserved 1179648K
  class space    used 14078K, committed 14464K, reserved 1048576K
}
Event: 12.610 GC heap before
{Heap before GC invocations=30 (full 0):
 garbage-first heap   total 247808K, used 199628K [0x0000000080000000, 0x0000000100000000)
  region size 1024K, 95 young (97280K), 2 survivors (2048K)
 Metaspace       used 101841K, committed 102656K, reserved 1179648K
  class space    used 14232K, committed 14592K, reserved 1048576K
}
Event: 12.618 GC heap after
{Heap after GC invocations=31 (full 0):
 garbage-first heap   total 247808K, used 110622K [0x0000000080000000, 0x0000000100000000)
  region size 1024K, 8 young (8192K), 8 survivors (8192K)
 Metaspace       used 101841K, committed 102656K, reserved 1179648K
  class space    used 14232K, committed 14592K, reserved 1048576K
}
Event: 13.356 GC heap before
{Heap before GC invocations=32 (full 0):
 garbage-first heap   total 247808K, used 203806K [0x0000000080000000, 0x0000000100000000)
  region size 1024K, 95 young (97280K), 8 survivors (8192K)
 Metaspace       used 106374K, committed 107264K, reserved 1179648K
  class space    used 14786K, committed 15232K, reserved 1048576K
}
Event: 13.363 GC heap after
{Heap after GC invocations=33 (full 0):
 garbage-first heap   total 247808K, used 113920K [0x0000000080000000, 0x0000000100000000)
  region size 1024K, 6 young (6144K), 6 survivors (6144K)
 Metaspace       used 106374K, committed 107264K, reserved 1179648K
  class space    used 14786K, committed 15232K, reserved 1048576K
}
Event: 13.439 GC heap before
{Heap before GC invocations=33 (full 0):
 garbage-first heap   total 247808K, used 119040K [0x0000000080000000, 0x0000000100000000)
  region size 1024K, 12 young (12288K), 6 survivors (6144K)
 Metaspace       used 107039K, committed 107840K, reserved 1179648K
  class space    used 14897K, committed 15296K, reserved 1048576K
}
Event: 13.445 GC heap after
{Heap after GC invocations=34 (full 0):
 garbage-first heap   total 247808K, used 112560K [0x0000000080000000, 0x0000000100000000)
  region size 1024K, 2 young (2048K), 2 survivors (2048K)
 Metaspace       used 107039K, committed 107840K, reserved 1179648K
  class space    used 14897K, committed 15296K, reserved 1048576K
}
Event: 14.356 GC heap before
{Heap before GC invocations=34 (full 0):
 garbage-first heap   total 247808K, used 200624K [0x0000000080000000, 0x0000000100000000)
  region size 1024K, 89 young (91136K), 2 survivors (2048K)
 Metaspace       used 118156K, committed 118976K, reserved 1179648K
  class space    used 16625K, committed 17024K, reserved 1048576K
}

